2019-09-19 16:07:05,282 INFO org.springframework.boot.StartupInfoLogger [main] Starting Application on laptop with PID 4220 (/home/alex/Projects/template-react-spring/backend/target/classes started by alex in /home/alex/Projects/template-react-spring/backend)
2019-09-19 16:07:05,287 DEBUG org.springframework.boot.StartupInfoLogger [main] Running with Spring Boot v2.1.1.RELEASE, Spring v5.1.9.RELEASE
2019-09-19 16:07:05,290 INFO org.springframework.boot.SpringApplication [main] No active profile set, falling back to default profiles: default
2019-09-19 16:07:06,478 INFO org.springframework.data.repository.config.RepositoryConfigurationDelegate [main] Bootstrapping Spring Data repositories in DEFAULT mode.
2019-09-19 16:07:06,567 INFO org.springframework.data.repository.config.RepositoryConfigurationDelegate [main] Finished Spring Data repository scanning in 82ms. Found 3 repository interfaces.
2019-09-19 16:07:07,231 INFO com.zaxxer.hikari.HikariDataSource [main] HikariPool-1 - Starting...
2019-09-19 16:07:07,364 INFO com.zaxxer.hikari.HikariDataSource [main] HikariPool-1 - Start completed.
2019-09-19 16:07:07,420 INFO org.hibernate.jpa.internal.util.LogHelper [main] HHH000204: Processing PersistenceUnitInfo [
	name: default
	...]
2019-09-19 16:07:07,478 INFO org.hibernate.Version [main] HHH000412: Hibernate Core {5.3.7.Final}
2019-09-19 16:07:07,480 INFO org.hibernate.cfg.Environment [main] HHH000206: hibernate.properties not found
2019-09-19 16:07:07,582 INFO org.hibernate.annotations.common.reflection.java.JavaReflectionManager [main] HCANN000001: Hibernate Commons Annotations {5.0.4.Final}
2019-09-19 16:07:07,688 INFO org.hibernate.dialect.Dialect [main] HHH000400: Using dialect: org.hibernate.dialect.H2Dialect
2019-09-19 16:07:08,338 INFO org.hibernate.tool.schema.internal.SchemaCreatorImpl [main] HHH000476: Executing import script 'org.hibernate.tool.schema.internal.exec.ScriptSourceInputNonExistentImpl@3bf5911d'
2019-09-19 16:07:08,342 INFO org.springframework.orm.jpa.AbstractEntityManagerFactoryBean [main] Initialized JPA EntityManagerFactory for persistence unit 'default'
2019-09-19 16:07:08,412 WARN org.springframework.context.support.AbstractApplicationContext [main] Exception encountered during context initialization - cancelling refresh attempt: org.springframework.beans.factory.BeanCreationException: Error creating bean with name 'entityManagerFactory' defined in class path resource [org/springframework/boot/autoconfigure/orm/jpa/HibernateJpaConfiguration.class]: Initialization of bean failed; nested exception is org.springframework.jdbc.datasource.init.ScriptStatementFailedException: Failed to execute SQL script statement #6 of URL [file:/home/alex/Projects/template-react-spring/backend/target/classes/data.sql]: insert into message (id, user_id, comment, task_id, task_type, cdat) values (1, 1, 'comment1 from Manager', 1, 0, CURRENT_TIMESTAMP), (2, 2, 'comment2 from Manager', 1, 0, CURRENT_TIMESTAMP); nested exception is org.h2.jdbc.JdbcSQLSyntaxErrorException: Column "TASK_TYPE" not found; SQL statement:
insert into message (id, user_id, comment, task_id, task_type, cdat) values (1, 1, 'comment1 from Manager', 1, 0, CURRENT_TIMESTAMP), (2, 2, 'comment2 from Manager', 1, 0, CURRENT_TIMESTAMP) [42122-199]
2019-09-19 16:07:08,414 INFO com.zaxxer.hikari.HikariDataSource [main] HikariPool-1 - Shutdown initiated...
2019-09-19 16:07:08,420 INFO com.zaxxer.hikari.HikariDataSource [main] HikariPool-1 - Shutdown completed.
2019-09-19 16:07:08,446 INFO org.springframework.boot.autoconfigure.logging.ConditionEvaluationReportLoggingListener [main] 

Error starting ApplicationContext. To display the conditions report re-run your application with 'debug' enabled.
2019-09-19 16:07:08,454 ERROR org.springframework.boot.SpringApplication [main] Application run failed
org.springframework.beans.factory.BeanCreationException: Error creating bean with name 'entityManagerFactory' defined in class path resource [org/springframework/boot/autoconfigure/orm/jpa/HibernateJpaConfiguration.class]: Initialization of bean failed; nested exception is org.springframework.jdbc.datasource.init.ScriptStatementFailedException: Failed to execute SQL script statement #6 of URL [file:/home/alex/Projects/template-react-spring/backend/target/classes/data.sql]: insert into message (id, user_id, comment, task_id, task_type, cdat) values (1, 1, 'comment1 from Manager', 1, 0, CURRENT_TIMESTAMP), (2, 2, 'comment2 from Manager', 1, 0, CURRENT_TIMESTAMP); nested exception is org.h2.jdbc.JdbcSQLSyntaxErrorException: Column "TASK_TYPE" not found; SQL statement:
insert into message (id, user_id, comment, task_id, task_type, cdat) values (1, 1, 'comment1 from Manager', 1, 0, CURRENT_TIMESTAMP), (2, 2, 'comment2 from Manager', 1, 0, CURRENT_TIMESTAMP) [42122-199]
	at org.springframework.beans.factory.support.AbstractAutowireCapableBeanFactory.doCreateBean(AbstractAutowireCapableBeanFactory.java:601)
	at org.springframework.beans.factory.support.AbstractAutowireCapableBeanFactory.createBean(AbstractAutowireCapableBeanFactory.java:515)
	at org.springframework.beans.factory.support.AbstractBeanFactory.lambda$doGetBean$0(AbstractBeanFactory.java:320)
	at org.springframework.beans.factory.support.DefaultSingletonBeanRegistry.getSingleton(DefaultSingletonBeanRegistry.java:222)
	at org.springframework.beans.factory.support.AbstractBeanFactory.doGetBean(AbstractBeanFactory.java:318)
	at org.springframework.beans.factory.support.AbstractBeanFactory.getBean(AbstractBeanFactory.java:199)
	at org.springframework.context.support.AbstractApplicationContext.getBean(AbstractApplicationContext.java:1105)
	at org.springframework.context.support.AbstractApplicationContext.finishBeanFactoryInitialization(AbstractApplicationContext.java:867)
	at org.springframework.context.support.AbstractApplicationContext.refresh(AbstractApplicationContext.java:549)
	at org.springframework.boot.web.reactive.context.ReactiveWebServerApplicationContext.refresh(ReactiveWebServerApplicationContext.java:67)
	at org.springframework.boot.SpringApplication.refresh(SpringApplication.java:775)
	at org.springframework.boot.SpringApplication.refreshContext(SpringApplication.java:397)
	at org.springframework.boot.SpringApplication.run(SpringApplication.java:316)
	at org.springframework.boot.SpringApplication.run(SpringApplication.java:1260)
	at org.springframework.boot.SpringApplication.run(SpringApplication.java:1248)
	at com.example.template_spring.Application.main(Application.java:9)
Caused by: org.springframework.jdbc.datasource.init.ScriptStatementFailedException: Failed to execute SQL script statement #6 of URL [file:/home/alex/Projects/template-react-spring/backend/target/classes/data.sql]: insert into message (id, user_id, comment, task_id, task_type, cdat) values (1, 1, 'comment1 from Manager', 1, 0, CURRENT_TIMESTAMP), (2, 2, 'comment2 from Manager', 1, 0, CURRENT_TIMESTAMP); nested exception is org.h2.jdbc.JdbcSQLSyntaxErrorException: Column "TASK_TYPE" not found; SQL statement:
insert into message (id, user_id, comment, task_id, task_type, cdat) values (1, 1, 'comment1 from Manager', 1, 0, CURRENT_TIMESTAMP), (2, 2, 'comment2 from Manager', 1, 0, CURRENT_TIMESTAMP) [42122-199]
	at org.springframework.jdbc.datasource.init.ScriptUtils.executeSqlScript(ScriptUtils.java:509)
	at org.springframework.jdbc.datasource.init.ResourceDatabasePopulator.populate(ResourceDatabasePopulator.java:238)
	at org.springframework.jdbc.datasource.init.DatabasePopulatorUtils.execute(DatabasePopulatorUtils.java:48)
	at org.springframework.boot.autoconfigure.jdbc.DataSourceInitializer.runScripts(DataSourceInitializer.java:210)
	at org.springframework.boot.autoconfigure.jdbc.DataSourceInitializer.initSchema(DataSourceInitializer.java:123)
	at org.springframework.boot.autoconfigure.jdbc.DataSourceInitializerInvoker.onApplicationEvent(DataSourceInitializerInvoker.java:93)
	at org.springframework.boot.autoconfigure.jdbc.DataSourceInitializerInvoker.onApplicationEvent(DataSourceInitializerInvoker.java:37)
	at org.springframework.context.event.SimpleApplicationEventMulticaster.doInvokeListener(SimpleApplicationEventMulticaster.java:172)
	at org.springframework.context.event.SimpleApplicationEventMulticaster.invokeListener(SimpleApplicationEventMulticaster.java:165)
	at org.springframework.context.event.SimpleApplicationEventMulticaster.multicastEvent(SimpleApplicationEventMulticaster.java:139)
	at org.springframework.context.support.AbstractApplicationContext.publishEvent(AbstractApplicationContext.java:402)
	at org.springframework.context.support.AbstractApplicationContext.publishEvent(AbstractApplicationContext.java:359)
	at org.springframework.boot.autoconfigure.orm.jpa.DataSourceInitializedPublisher.publishEventIfRequired(DataSourceInitializedPublisher.java:98)
	at org.springframework.boot.autoconfigure.orm.jpa.DataSourceInitializedPublisher.postProcessAfterInitialization(DataSourceInitializedPublisher.java:88)
	at org.springframework.beans.factory.support.AbstractAutowireCapableBeanFactory.applyBeanPostProcessorsAfterInitialization(AbstractAutowireCapableBeanFactory.java:429)
	at org.springframework.beans.factory.support.AbstractAutowireCapableBeanFactory.initializeBean(AbstractAutowireCapableBeanFactory.java:1782)
	at org.springframework.beans.factory.support.AbstractAutowireCapableBeanFactory.doCreateBean(AbstractAutowireCapableBeanFactory.java:593)
	... 15 common frames omitted
Caused by: org.h2.jdbc.JdbcSQLSyntaxErrorException: Column "TASK_TYPE" not found; SQL statement:
insert into message (id, user_id, comment, task_id, task_type, cdat) values (1, 1, 'comment1 from Manager', 1, 0, CURRENT_TIMESTAMP), (2, 2, 'comment2 from Manager', 1, 0, CURRENT_TIMESTAMP) [42122-199]
	at org.h2.message.DbException.getJdbcSQLException(DbException.java:451)
	at org.h2.message.DbException.getJdbcSQLException(DbException.java:427)
	at org.h2.message.DbException.get(DbException.java:205)
	at org.h2.message.DbException.get(DbException.java:181)
	at org.h2.table.Table.getColumn(Table.java:708)
	at org.h2.command.Parser.parseColumn(Parser.java:1377)
	at org.h2.command.Parser.parseColumnList(Parser.java:1362)
	at org.h2.command.Parser.parseInsertGivenTable(Parser.java:1731)
	at org.h2.command.Parser.parseInsert(Parser.java:1684)
	at org.h2.command.Parser.parsePrepared(Parser.java:891)
	at org.h2.command.Parser.parse(Parser.java:788)
	at org.h2.command.Parser.parse(Parser.java:760)
	at org.h2.command.Parser.prepareCommand(Parser.java:683)
	at org.h2.engine.Session.prepareLocal(Session.java:627)
	at org.h2.engine.Session.prepareCommand(Session.java:565)
	at org.h2.jdbc.JdbcConnection.prepareCommand(JdbcConnection.java:1292)
	at org.h2.jdbc.JdbcStatement.executeInternal(JdbcStatement.java:217)
	at org.h2.jdbc.JdbcStatement.execute(JdbcStatement.java:205)
	at com.zaxxer.hikari.pool.ProxyStatement.execute(ProxyStatement.java:95)
	at com.zaxxer.hikari.pool.HikariProxyStatement.execute(HikariProxyStatement.java)
	at org.springframework.jdbc.datasource.init.ScriptUtils.executeSqlScript(ScriptUtils.java:488)
	... 31 common frames omitted
2019-09-19 16:07:42,891 INFO org.springframework.boot.StartupInfoLogger [main] Starting Application on laptop with PID 4317 (/home/alex/Projects/template-react-spring/backend/target/classes started by alex in /home/alex/Projects/template-react-spring/backend)
2019-09-19 16:07:42,897 DEBUG org.springframework.boot.StartupInfoLogger [main] Running with Spring Boot v2.1.1.RELEASE, Spring v5.1.9.RELEASE
2019-09-19 16:07:42,899 INFO org.springframework.boot.SpringApplication [main] No active profile set, falling back to default profiles: default
2019-09-19 16:07:43,931 INFO org.springframework.data.repository.config.RepositoryConfigurationDelegate [main] Bootstrapping Spring Data repositories in DEFAULT mode.
2019-09-19 16:07:44,023 INFO org.springframework.data.repository.config.RepositoryConfigurationDelegate [main] Finished Spring Data repository scanning in 83ms. Found 3 repository interfaces.
2019-09-19 16:07:44,673 INFO com.zaxxer.hikari.HikariDataSource [main] HikariPool-1 - Starting...
2019-09-19 16:07:44,804 INFO com.zaxxer.hikari.HikariDataSource [main] HikariPool-1 - Start completed.
2019-09-19 16:07:44,857 INFO org.hibernate.jpa.internal.util.LogHelper [main] HHH000204: Processing PersistenceUnitInfo [
	name: default
	...]
2019-09-19 16:07:44,912 INFO org.hibernate.Version [main] HHH000412: Hibernate Core {5.3.7.Final}
2019-09-19 16:07:44,915 INFO org.hibernate.cfg.Environment [main] HHH000206: hibernate.properties not found
2019-09-19 16:07:45,033 INFO org.hibernate.annotations.common.reflection.java.JavaReflectionManager [main] HCANN000001: Hibernate Commons Annotations {5.0.4.Final}
2019-09-19 16:07:45,148 INFO org.hibernate.dialect.Dialect [main] HHH000400: Using dialect: org.hibernate.dialect.H2Dialect
2019-09-19 16:07:45,756 INFO org.hibernate.tool.schema.internal.SchemaCreatorImpl [main] HHH000476: Executing import script 'org.hibernate.tool.schema.internal.exec.ScriptSourceInputNonExistentImpl@5560b64d'
2019-09-19 16:07:45,759 INFO org.springframework.orm.jpa.AbstractEntityManagerFactoryBean [main] Initialized JPA EntityManagerFactory for persistence unit 'default'
2019-09-19 16:07:46,214 INFO org.hibernate.hql.internal.QueryTranslatorFactoryInitiator [main] HHH000397: Using ASTQueryTranslatorFactory
2019-09-19 16:07:47,065 WARN io.netty.util.internal.MacAddressUtil [main] Failed to find a usable hardware address from the network interfaces; using random bytes: 69:d1:89:af:ae:50:3f:c8
2019-09-19 16:07:47,093 INFO org.springframework.boot.web.embedded.netty.NettyWebServer [main] Netty started on port(s): 8080
2019-09-19 16:07:47,099 INFO org.springframework.boot.StartupInfoLogger [main] Started Application in 5.073 seconds (JVM running for 6.598)
2019-09-19 16:08:57,637 INFO com.example.template_spring.spring.LocalAdminAuthenticationProvider [reactor-http-epoll-2] claims for user {role=MANAGER, id=1, sub=user1@gmail.com, iat=1566468348, exp=1569060348}
2019-09-19 16:08:57,710 INFO com.example.template_spring.controllers.TaskController [reactor-http-epoll-2] user with claims {role=MANAGER, id=1, sub=user1@gmail.com, iat=1566468348, exp=1569060348} want get created by yourself contract
2019-09-19 16:09:50,077 INFO com.example.template_spring.spring.LocalAdminAuthenticationProvider [reactor-http-epoll-3] claims for user {role=MANAGER, id=1, sub=user1@gmail.com, iat=1566468348, exp=1569060348}
2019-09-19 16:09:50,088 INFO com.example.template_spring.controllers.TaskController [reactor-http-epoll-3] user with claims {role=MANAGER, id=1, sub=user1@gmail.com, iat=1566468348, exp=1569060348} want get created by yourself contract
